# JRE version: Java(TM) SE Runtime Environment (8.0_231-b11) (build 1.8.0_231-b11)
# Java VM: Java HotSpot(TM) 64-Bit Server VM (25.231-b11 mixed mode windows-amd64 compressed oops)
Heap:
 PSYoungGen      total 38400K, used 28876K [0x00000000d5900000, 0x00000000d8380000, 0x0000000100000000)
  eden space 33280K, 71% used [0x00000000d5900000,0x00000000d7035c50,0x00000000d7980000)
  from space 5120K, 99% used [0x00000000d7e80000,0x00000000d837d648,0x00000000d8380000)
  to   space 5120K, 0% used [0x00000000d7980000,0x00000000d7980000,0x00000000d7e80000)
 ParOldGen       total 87552K, used 31048K [0x0000000080a00000, 0x0000000085f80000, 0x00000000d5900000)
  object space 87552K, 35% used [0x0000000080a00000,0x0000000082852130,0x0000000085f80000)
 Metaspace       used 15599K, capacity 16132K, committed 16384K, reserved 1062912K
  class space    used 2108K, capacity 2258K, committed 2304K, reserved 1048576K
GC Heap History (4 events):
Event: 1.405 GC heap before
{Heap before GC invocations=1 (full 0):
 PSYoungGen      total 38400K, used 32204K [0x00000000d5900000, 0x00000000d8380000, 0x0000000100000000)
  eden space 33280K, 96% used [0x00000000d5900000,0x00000000d78732e0,0x00000000d7980000)
  from space 5120K, 0% used [0x00000000d7e80000,0x00000000d7e80000,0x00000000d8380000)
  to   space 5120K, 0% used [0x00000000d7980000,0x00000000d7980000,0x00000000d7e80000)
 ParOldGen       total 87552K, used 0K [0x0000000080a00000, 0x0000000085f80000, 0x00000000d5900000)
  object space 87552K, 0% used [0x0000000080a00000,0x0000000080a00000,0x0000000085f80000)
 Metaspace       used 11593K, capacity 11932K, committed 12160K, reserved 1060864K
  class space    used 1504K, capacity 1602K, committed 1664K, reserved 1048576K
Event: 1.412 GC heap after
Heap after GC invocations=1 (full 0):
 PSYoungGen      total 38400K, used 4043K [0x00000000d5900000, 0x00000000d8380000, 0x0000000100000000)
  eden space 33280K, 0% used [0x00000000d5900000,0x00000000d5900000,0x00000000d7980000)
  from space 5120K, 78% used [0x00000000d7980000,0x00000000d7d72d10,0x00000000d7e80000)
  to   space 5120K, 0% used [0x00000000d7e80000,0x00000000d7e80000,0x00000000d8380000)
 ParOldGen       total 87552K, used 10954K [0x0000000080a00000, 0x0000000085f80000, 0x00000000d5900000)
  object space 87552K, 12% used [0x0000000080a00000,0x00000000814b2930,0x0000000085f80000)
 Metaspace       used 11593K, capacity 11932K, committed 12160K, reserved 1060864K
  class space    used 1504K, capacity 1602K, committed 1664K, reserved 1048576K
}
Event: 3.250 GC heap before
{Heap before GC invocations=2 (full 0):
 PSYoungGen      total 38400K, used 37323K [0x00000000d5900000, 0x00000000d8380000, 0x0000000100000000)
  eden space 33280K, 100% used [0x00000000d5900000,0x00000000d7980000,0x00000000d7980000)
  from space 5120K, 78% used [0x00000000d7980000,0x00000000d7d72d10,0x00000000d7e80000)
  to   space 5120K, 0% used [0x00000000d7e80000,0x00000000d7e80000,0x00000000d8380000)
 ParOldGen       total 87552K, used 10954K [0x0000000080a00000, 0x0000000085f80000, 0x00000000d5900000)
  object space 87552K, 12% used [0x0000000080a00000,0x00000000814b2930,0x0000000085f80000)
 Metaspace       used 14812K, capacity 15300K, committed 15488K, reserved 1062912K
  class space    used 2035K, capacity 2176K, committed 2176K, reserved 1048576K
Event: 3.260 GC heap after
Heap after GC invocations=2 (full 0):
 PSYoungGen      total 38400K, used 5109K [0x00000000d5900000, 0x00000000d8380000, 0x0000000100000000)
  eden space 33280K, 0% used [0x00000000d5900000,0x00000000d5900000,0x00000000d7980000)
  from space 5120K, 99% used [0x00000000d7e80000,0x00000000d837d648,0x00000000d8380000)
  to   space 5120K, 0% used [0x00000000d7980000,0x00000000d7980000,0x00000000d7e80000)
 ParOldGen       total 87552K, used 31048K [0x0000000080a00000, 0x0000000085f80000, 0x00000000d5900000)
  object space 87552K, 35% used [0x0000000080a00000,0x0000000082852130,0x0000000085f80000)
 Metaspace       used 14812K, capacity 15300K, committed 15488K, reserved 1062912K
  class space    used 2035K, capacity 2176K, committed 2176K, reserved 1048576K
}

